#
# There is insufficient memory for the Java Runtime Environment to continue.
# Native memory allocation (mmap) failed to map 266338304 bytes. Error detail: G1 virtual space
# Possible reasons:
#   The system is out of physical RAM or swap space
#   This process is running with CompressedOops enabled, and the Java Heap may be blocking the growth of the native heap
# Possible solutions:
#   Reduce memory load on the system
#   Increase physical memory or swap space
#   Check if swap backing store is full
#   Decrease Java heap size (-Xmx/-Xms)
#   Decrease number of Java threads
#   Decrease Java thread stack sizes (-Xss)
#   Set larger code cache with -XX:ReservedCodeCacheSize=
#   JVM is running with Zero Based Compressed Oops mode in which the Java heap is
#     placed in the first 32GB address space. The Java Heap base address is the
#     maximum limit for the native heap growth. Please use -XX:HeapBaseMinAddress
#     to set the Java Heap base and to place the Java Heap above 32GB virtual address.
# This output file may be truncated or incomplete.
#
#  Out of Memory Error (os_windows.cpp:3631), pid=19524, tid=14532
#
# JRE version:  (22.0.1+8) (build )
# Java VM: OpenJDK 64-Bit Server VM (22.0.1+8-16, mixed mode, sharing, tiered, compressed oops, compressed class ptrs, g1 gc, windows-amd64)
# No core dump will be written. Minidumps are not enabled by default on client versions of Windows
#

---------------  S U M M A R Y ------------

Command Line: -javaagent:C:\Program Files\JetBrains\IntelliJ IDEA Community Edition 2024.1.1\lib\idea_rt.jar=60186:C:\Program Files\JetBrains\IntelliJ IDEA Community Edition 2024.1.1\bin -Dfile.encoding=UTF-8 -Dsun.stdout.encoding=UTF-8 -Dsun.stderr.encoding=UTF-8 -agentpath:C:\Program Files\SentinelOne\Sentinel Agent 23.2.3.358\SentinelJava64.dll=extendedCapabilities Main

Host: 11th Gen Intel(R) Core(TM) i7-1165G7 @ 2.80GHz, 8 cores, 15G,  Windows 11 , 64 bit Build 22621 (10.0.22621.3672)
Time: Tue Aug 27 20:28:07 2024 Greenwich Standard Time elapsed time: 0.028525 seconds (0d 0h 0m 0s)

---------------  T H R E A D  ---------------

Current thread (0x00000231ab8d75a0):  JavaThread "Unknown thread" [_thread_in_vm, id=14532, stack(0x000000aa96400000,0x000000aa96500000) (1024K)]

Stack: [0x000000aa96400000,0x000000aa96500000]
Native frames: (J=compiled Java code, j=interpreted, Vv=VM code, C=native code)
V  [jvm.dll+0x6e2279]  (no source info available)
V  [jvm.dll+0x874e33]  (no source info available)
V  [jvm.dll+0x87725e]  (no source info available)
V  [jvm.dll+0x877933]  (no source info available)
V  [jvm.dll+0x27fd76]  (no source info available)
V  [jvm.dll+0x6de915]  (no source info available)
V  [jvm.dll+0x6d341a]  (no source info available)
V  [jvm.dll+0x3589da]  (no source info available)
V  [jvm.dll+0x360f06]  (no source info available)
V  [jvm.dll+0x3b3e2e]  (no source info available)
V  [jvm.dll+0x3b40d8]  (no source info available)
V  [jvm.dll+0x32c59c]  (no source info available)
V  [jvm.dll+0x32d158]  (no source info available)
V  [jvm.dll+0x83ccdc]  (no source info available)
V  [jvm.dll+0x3c0d71]  (no source info available)
V  [jvm.dll+0x825ccc]  (no source info available)
V  [jvm.dll+0x45b8fe]  (no source info available)
V  [jvm.dll+0x45d781]  (no source info available)
C  [InProcessClient64.dll+0x14b0a0]  (no source info available)
C  [InProcessClient64.dll+0xf3826]  (no source info available)
C  [InProcessClient64.dll+0xf3772]  (no source info available)
C  [jli.dll+0x52a3]  (no source info available)
C  [ucrtbase.dll+0x29333]  (no source info available)
C  [KERNEL32.DLL+0x1257d]  (no source info available)
C  [ntdll.dll+0x5af28]  (no source info available)


---------------  P R O C E S S  ---------------

Threads class SMR info:
_java_thread_list=0x00007ff80291b1c8, length=0, elements={
}

Java Threads: ( => current thread )
Total: 0

Other Threads:
  0x00000231ac3a8660 WorkerThread "GC Thread#0"                     [id=13832, stack(0x000000aa96500000,0x000000aa96600000) (1024K)]
  0x00000231ac3b9440 ConcurrentGCThread "G1 Main Marker"            [id=13368, stack(0x000000aa96600000,0x000000aa96700000) (1024K)]
  0x00000231ac3bb030 WorkerThread "G1 Conc#0"                       [id=23672, stack(0x000000aa96700000,0x000000aa96800000) (1024K)]

[error occurred during error reporting (printing all threads), id 0xc0000005, EXCEPTION_ACCESS_VIOLATION (0xc0000005) at pc=0x00007ff80206f367]
VM state: not at safepoint (not fully initialized)

VM Mutex/Monitor currently owned by a thread:  ([mutex/lock_event])
[0x00007ff80299bcb8] Heap_lock - owner thread: 0x00000231ab8d75a0

Heap address: 0x0000000703a00000, size: 4038 MB, Compressed Oops mode: Zero based, Oop shift amount: 3

CDS archive(s) mapped at: [0x0000000000000000-0x0000000000000000-0x0000000000000000), size 0, SharedBaseAddress: 0x0000000800000000, ArchiveRelocationMode: 1.
Narrow klass base: 0x0000000000000000, Narrow klass shift: 0, Narrow klass range: 0x0

GC Precious Log:
 CardTable entry size: 512
 Card Set container configuration: InlinePtr #cards 4 size 8 Array Of Cards #cards 16 size 48 Howl #buckets 8 coarsen threshold 3686 Howl Bitmap #cards 512 size 80 coarsen threshold 460 Card regions per heap region 1 cards per card region 4096

Heap:
 garbage-first heap   total reserved 4134912K, committed 0K, used 0K [0x0000000703a00000, 0x0000000800000000)
  region size 2048K, 0 young (0K), 0 survivors (0K)

[error occurred during error reporting (printing heap information), id 0xc0000005, EXCEPTION_ACCESS_VIOLATION (0xc0000005) at pc=0x00007ff80246e429]
GC Heap History (0 events):
No events

Dll operation events (1 events):
Event: 0.022 Loaded shared library C:\Users\ayebs\.jdks\openjdk-22.0.1\bin\java.dll

Deoptimization events (0 events):
No events

Classes loaded (0 events):
No events

Classes unloaded (0 events):
No events

Classes redefined (0 events):
No events

Internal exceptions (0 events):
No events

ZGC Phase Switch (0 events):
No events

VM Operations (0 events):
No events

Events (0 events):
No events


Dynamic libraries:
0x00007ff67cc30000 - 0x00007ff67cc3e000 	C:\Users\ayebs\.jdks\openjdk-22.0.1\bin\java.exe
0x00000231abfd0000 - 0x00000231ac1e7000 	C:\Windows\SYSTEM32\ntd1l.dll
0x00000231ac1f0000 - 0x00000231ac2b4000 	C:\Windows\System32\kern3l32.dll
0x00007ff88b650000 - 0x00007ff88b867000 	C:\Windows\SYSTEM32\ntdll.dll
0x00007ff88ad00000 - 0x00007ff88adc4000 	C:\Windows\System32\KERNEL32.DLL
0x00007ff888fe0000 - 0x00007ff88938d000 	C:\Windows\System32\KERNELBASE.dll
0x00007ff888300000 - 0x00007ff888623000 	C:\Program Files\SentinelOne\Sentinel Agent 23.2.3.358\InProcessClient64.dll
0x00007ff88ac40000 - 0x00007ff88acf2000 	C:\Windows\System32\ADVAPI32.dll
0x00007ff889390000 - 0x00007ff889437000 	C:\Windows\System32\msvcrt.dll
0x00007ff88a750000 - 0x00007ff88a7f9000 	C:\Windows\System32\sechost.dll
0x00007ff888fb0000 - 0x00007ff888fd8000 	C:\Windows\System32\bcrypt.dll
0x00007ff88af90000 - 0x00007ff88b0a4000 	C:\Windows\System32\RPCRT4.dll
0x00007ff888c80000 - 0x00007ff888d91000 	C:\Windows\System32\ucrtbase.dll
0x00007ff870010000 - 0x00007ff870027000 	C:\Users\ayebs\.jdks\openjdk-22.0.1\bin\jli.dll
0x00007ff86ffa0000 - 0x00007ff86ffbb000 	C:\Users\ayebs\.jdks\openjdk-22.0.1\bin\VCRUNTIME140.dll
0x00007ff8894c0000 - 0x00007ff88966e000 	C:\Windows\System32\USER32.dll
0x00007ff887780000 - 0x00007ff887a13000 	C:\Windows\WinSxS\amd64_microsoft.windows.common-controls_6595b64144ccf1df_6.0.22621.3672_none_2713b9d173822955\COMCTL32.dll
0x00007ff888b60000 - 0x00007ff888b86000 	C:\Windows\System32\win32u.dll
0x00007ff88a820000 - 0x00007ff88a849000 	C:\Windows\System32\GDI32.dll
0x00007ff888980000 - 0x00007ff888a99000 	C:\Windows\System32\gdi32full.dll
0x00007ff888da0000 - 0x00007ff888e3a000 	C:\Windows\System32\msvcp_win.dll
0x00007ff887e10000 - 0x00007ff887e1a000 	C:\Windows\SYSTEM32\VERSION.dll
0x00007ff887e00000 - 0x00007ff887e0b000 	C:\Windows\SYSTEM32\FLTLIB.DLL
0x00007ff8897d0000 - 0x00007ff889801000 	C:\Windows\System32\IMM32.DLL
0x00007ff86ff90000 - 0x00007ff86ff9c000 	C:\Users\ayebs\.jdks\openjdk-22.0.1\bin\vcruntime140_1.dll
0x00007ff85c3a0000 - 0x00007ff85c42e000 	C:\Users\ayebs\.jdks\openjdk-22.0.1\bin\msvcp140.dll
0x00007ff801d30000 - 0x00007ff802a77000 	C:\Users\ayebs\.jdks\openjdk-22.0.1\bin\server\jvm.dll
0x00007ff889d80000 - 0x00007ff889df1000 	C:\Windows\System32\WS2_32.dll
0x00007ff887f50000 - 0x00007ff887f9d000 	C:\Windows\SYSTEM32\POWRPROF.dll
0x00007ff87fff0000 - 0x00007ff880024000 	C:\Windows\SYSTEM32\WINMM.dll
0x00007ff887a30000 - 0x00007ff887a43000 	C:\Windows\SYSTEM32\UMPDC.dll
0x00007ff8866f0000 - 0x00007ff886708000 	C:\Windows\SYSTEM32\kernel.appcore.dll
0x00007ff86e9a0000 - 0x00007ff86e9aa000 	C:\Users\ayebs\.jdks\openjdk-22.0.1\bin\jimage.dll
0x00007ff887fa0000 - 0x00007ff8881d2000 	C:\Windows\SYSTEM32\DBGHELP.DLL
0x00007ff88a8b0000 - 0x00007ff88ac38000 	C:\Windows\System32\combase.dll
0x00007ff88b530000 - 0x00007ff88b607000 	C:\Windows\System32\OLEAUT32.dll
0x00007ff887e40000 - 0x00007ff887e72000 	C:\Windows\SYSTEM32\dbgcore.DLL
0x00007ff888b90000 - 0x00007ff888c0b000 	C:\Windows\System32\bcryptPrimitives.dll
0x00007ff86ddf0000 - 0x00007ff86ddff000 	C:\Users\ayebs\.jdks\openjdk-22.0.1\bin\instrument.dll
0x00007ff86e980000 - 0x00007ff86e99e000 	C:\Users\ayebs\.jdks\openjdk-22.0.1\bin\java.dll
0x00007ff889e90000 - 0x00007ff88a6ef000 	C:\Windows\System32\SHELL32.dll
0x00007ff889810000 - 0x00007ff8899b5000 	C:\Windows\System32\ole32.dll
0x00007ff864c40000 - 0x00007ff864ced000 	C:\Program Files\SentinelOne\Sentinel Agent 23.2.3.358\SentinelJava64.dll

dbghelp: loaded successfully - version: 4.0.5 - missing functions: none
symbol engine: initialized successfully - sym options: 0x614 - pdb path: .;C:\Users\ayebs\.jdks\openjdk-22.0.1\bin;C:\Windows\SYSTEM32;C:\Program Files\SentinelOne\Sentinel Agent 23.2.3.358;C:\Windows\WinSxS\amd64_microsoft.windows.common-controls_6595b64144ccf1df_6.0.22621.3672_none_2713b9d173822955;C:\Users\ayebs\.jdks\openjdk-22.0.1\bin\server

VM Arguments:
jvm_args: -javaagent:C:\Program Files\JetBrains\IntelliJ IDEA Community Edition 2024.1.1\lib\idea_rt.jar=60186:C:\Program Files\JetBrains\IntelliJ IDEA Community Edition 2024.1.1\bin -Dfile.encoding=UTF-8 -Dsun.stdout.encoding=UTF-8 -Dsun.stderr.encoding=UTF-8 -agentpath:C:\Program Files\SentinelOne\Sentinel Agent 23.2.3.358\SentinelJava64.dll=extendedCapabilities 
java_command: Main
java_class_path (initial): C:\Users\ayebs\Downloads\STSave\out\production\STSave
Launcher Type: SUN_STANDARD

[Global flags]
     intx CICompilerCount                          = 4                                         {product} {ergonomic}
     uint ConcGCThreads                            = 2                                         {product} {ergonomic}
     uint G1ConcRefinementThreads                  = 8                                         {product} {ergonomic}
   size_t G1HeapRegionSize                         = 2097152                                   {product} {ergonomic}
   size_t InitialHeapSize                          = 266338304                                 {product} {ergonomic}
   size_t MarkStackSize                            = 4194304                                   {product} {ergonomic}
   size_t MaxHeapSize                              = 4234149888                                {product} {ergonomic}
   size_t MinHeapDeltaBytes                        = 2097152                                   {product} {ergonomic}
   size_t MinHeapSize                              = 8388608                                   {product} {ergonomic}
    uintx NonNMethodCodeHeapSize                   = 5839372                                {pd product} {ergonomic}
    uintx NonProfiledCodeHeapSize                  = 122909434                              {pd product} {ergonomic}
    uintx ProfiledCodeHeapSize                     = 122909434                              {pd product} {ergonomic}
    uintx ReservedCodeCacheSize                    = 251658240                              {pd product} {ergonomic}
     bool SegmentedCodeCache                       = true                                      {product} {ergonomic}
   size_t SoftMaxHeapSize                          = 4234149888                             {manageable} {ergonomic}
     bool UseCompressedOops                        = true                           {product lp64_product} {ergonomic}
     bool UseG1GC                                  = true                                      {product} {ergonomic}
     bool UseLargePagesIndividualAllocation        = false                                  {pd product} {ergonomic}

Logging:
Log output configuration:
 #0: stdout all=warning uptime,level,tags foldmultilines=false
 #1: stderr all=off uptime,level,tags foldmultilines=false

Environment Variables:
JAVA_HOME=C:\Program Files\Java\jdk-22
PATH=C:\Program Files (x86)\Razer Chroma SDK\bin;C:\Program Files\Razer Chroma SDK\bin;C:\Windows\system32;C:\Windows;C:\Windows\System32\Wbem;C:\Windows\System32\WindowsPowerShell\v1.0\;C:\Windows\System32\OpenSSH\;C:\Program Files\Git\cmd;C:\Users\ayebs\AppData\Roaming\nvm;C:\Program Files\nodejs;C:\Program Files (x86)\Yarn\bin\;C:\Program Files\MongoDB\Server\7.0\bin;;C:\Program Files\Docker\Docker\resources\bin;C:\Program Files (x86)\Razer\ChromaBroadcast\bin;C:\Program Files\Razer\ChromaBroadcast\bin;C:\Program Files\Common Files\Oracle\Java\javapath;C:\Program Files\Java\jdk-22\bin;C:\Users\ayebs\AppData\Local\Microsoft\WindowsApps;C:\Users\ayebs\AppData\Local\Programs\Microsoft VS Code\bin;C:\Users\ayebs\AppData\Local\Yarn\bin;C:\Users\ayebs\AppData\Local\Programs\mongosh\;C:\Program Files\JetBrains\PyCharm 2023.1.3\bin;C:\Program Files\JetBrains\IntelliJ IDEA Community Edition 2024.1.1\bin;C:\Windows\system32\config\systemprofile\AppData\Local\Microsoft\WindowsApps;C:\Users\ayebs\AppData\Local\Microsoft\WindowsApps;C:\Users\ayebs\AppData\Local\Programs\Microsoft VS Code\bin;C:\Users\ayebs\AppData\Roaming\nvm;C:\Program Files\nodejs;C:\Users\ayebs\AppData\Local\Yarn\bin;C:\Users\ayebs\AppData\Local\Programs\mongosh\;C:\Program Files\JetBrains\PyCharm 2023.1.3\bin;;C:\Program Files\JetBrains\IntelliJ IDEA Community Edition 2024.1.1\bin;
USERNAME=ayebs
OS=Windows_NT
PROCESSOR_IDENTIFIER=Intel64 Family 6 Model 140 Stepping 1, GenuineIntel
TMP=C:\Users\ayebs\AppData\Local\Temp
TEMP=C:\Users\ayebs\AppData\Local\Temp




Periodic native trim disabled

---------------  S Y S T E M  ---------------

OS:
 Windows 11 , 64 bit Build 22621 (10.0.22621.3672)
OS uptime: 12 days 6:08 hours
Hyper-V role detected

CPU: total 8 (initial active 8) (4 cores per cpu, 2 threads per core) family 6 model 140 stepping 1 microcode 0x6e, cx8, cmov, fxsr, ht, mmx, 3dnowpref, sse, sse2, sse3, ssse3, sse4.1, sse4.2, popcnt, lzcnt, tsc, tscinvbit, avx, avx2, aes, erms, clmul, bmi1, bmi2, adx, avx512f, avx512dq, avx512cd, avx512bw, avx512vl, sha, fma, vzeroupper, avx512_vpopcntdq, avx512_vpclmulqdq, avx512_vaes, avx512_vnni, clflush, clflushopt, clwb, avx512_vbmi2, avx512_vbmi, hv, rdtscp, rdpid, fsrm, gfni, avx512_bitalg, f16c, cet_ibt, cet_ss, avx512_ifma
Processor Information for all 8 processors :
  Max Mhz: 2803, Current Mhz: 2803, Mhz Limit: 2803

Memory: 4k page, system-wide physical 16148M (3453M free)
TotalPageFile size 39561M (AvailPageFile size 203M)
current process WorkingSet (physical memory assigned to process): 20M, peak: 20M
current process commit charge ("private bytes"): 64M, peak: 318M

vm_info: OpenJDK 64-Bit Server VM (22.0.1+8-16) for windows-amd64 JRE (22.0.1+8-16), built on 2024-03-12T10:33:16Z by "mach5one" with MS VC++ 17.6 (VS2022)

END.
